  application.cxx
c:\users\jukotali\code\iisintegration\src\aspnetcoremodulev1\aspnetcore\inc\websockethandler.h(187): error C2143: syntax error: missing ';' before '*'
c:\users\jukotali\code\iisintegration\src\aspnetcoremodulev1\aspnetcore\inc\websockethandler.h(187): error C4430: missing type specifier - int assumed. Note: C++ does not support default-int
c:\users\jukotali\code\iisintegration\src\aspnetcoremodulev1\aspnetcore\inc\websockethandler.h(187): error C2238: unexpected token(s) preceding ';'
c:\users\jukotali\code\iisintegration\src\aspnetcoremodulev1\aspnetcore\inc\proxymodule.h(48): error C2143: syntax error: missing ';' before '*'
c:\users\jukotali\code\iisintegration\src\aspnetcoremodulev1\aspnetcore\inc\proxymodule.h(48): error C4430: missing type specifier - int assumed. Note: C++ does not support default-int
c:\users\jukotali\code\iisintegration\src\aspnetcoremodulev1\aspnetcore\inc\proxymodule.h(48): error C2238: unexpected token(s) preceding ';'
c:\users\jukotali\code\iisintegration\src\aspnetcoremodulev1\aspnetcore\inc\proxymodule.h(50): error C2143: syntax error: missing ';' before '*'
c:\users\jukotali\code\iisintegration\src\aspnetcoremodulev1\aspnetcore\inc\proxymodule.h(50): error C4430: missing type specifier - int assumed. Note: C++ does not support default-int
c:\users\jukotali\code\iisintegration\src\aspnetcoremodulev1\aspnetcore\inc\proxymodule.h(50): error C2238: unexpected token(s) preceding ';'
  applicationmanager.cxx
c:\users\jukotali\code\iisintegration\src\aspnetcoremodulev1\aspnetcore\inc\websockethandler.h(187): error C2143: syntax error: missing ';' before '*'
c:\users\jukotali\code\iisintegration\src\aspnetcoremodulev1\aspnetcore\inc\websockethandler.h(187): error C4430: missing type specifier - int assumed. Note: C++ does not support default-int
c:\users\jukotali\code\iisintegration\src\aspnetcoremodulev1\aspnetcore\inc\websockethandler.h(187): error C2238: unexpected token(s) preceding ';'
c:\users\jukotali\code\iisintegration\src\aspnetcoremodulev1\aspnetcore\inc\proxymodule.h(48): error C2143: syntax error: missing ';' before '*'
c:\users\jukotali\code\iisintegration\src\aspnetcoremodulev1\aspnetcore\inc\proxymodule.h(48): error C4430: missing type specifier - int assumed. Note: C++ does not support default-int
c:\users\jukotali\code\iisintegration\src\aspnetcoremodulev1\aspnetcore\inc\proxymodule.h(48): error C2238: unexpected token(s) preceding ';'
c:\users\jukotali\code\iisintegration\src\aspnetcoremodulev1\aspnetcore\inc\proxymodule.h(50): error C2143: syntax error: missing ';' before '*'
c:\users\jukotali\code\iisintegration\src\aspnetcoremodulev1\aspnetcore\inc\proxymodule.h(50): error C4430: missing type specifier - int assumed. Note: C++ does not support default-int
c:\users\jukotali\code\iisintegration\src\aspnetcoremodulev1\aspnetcore\inc\proxymodule.h(50): error C2238: unexpected token(s) preceding ';'
  aspnetcoreconfig.cxx
c:\users\jukotali\code\iisintegration\src\aspnetcoremodulev1\aspnetcore\inc\websockethandler.h(187): error C2143: syntax error: missing ';' before '*'
c:\users\jukotali\code\iisintegration\src\aspnetcoremodulev1\aspnetcore\inc\websockethandler.h(187): error C4430: missing type specifier - int assumed. Note: C++ does not support default-int
c:\users\jukotali\code\iisintegration\src\aspnetcoremodulev1\aspnetcore\inc\websockethandler.h(187): error C2238: unexpected token(s) preceding ';'
c:\users\jukotali\code\iisintegration\src\aspnetcoremodulev1\aspnetcore\inc\proxymodule.h(48): error C2143: syntax error: missing ';' before '*'
c:\users\jukotali\code\iisintegration\src\aspnetcoremodulev1\aspnetcore\inc\proxymodule.h(48): error C4430: missing type specifier - int assumed. Note: C++ does not support default-int
c:\users\jukotali\code\iisintegration\src\aspnetcoremodulev1\aspnetcore\inc\proxymodule.h(48): error C2238: unexpected token(s) preceding ';'
c:\users\jukotali\code\iisintegration\src\aspnetcoremodulev1\aspnetcore\inc\proxymodule.h(50): error C2143: syntax error: missing ';' before '*'
c:\users\jukotali\code\iisintegration\src\aspnetcoremodulev1\aspnetcore\inc\proxymodule.h(50): error C4430: missing type specifier - int assumed. Note: C++ does not support default-int
c:\users\jukotali\code\iisintegration\src\aspnetcoremodulev1\aspnetcore\inc\proxymodule.h(50): error C2238: unexpected token(s) preceding ';'
  filewatcher.cxx
c:\users\jukotali\code\iisintegration\src\aspnetcoremodulev1\aspnetcore\inc\websockethandler.h(187): error C2143: syntax error: missing ';' before '*'
c:\users\jukotali\code\iisintegration\src\aspnetcoremodulev1\aspnetcore\inc\websockethandler.h(187): error C4430: missing type specifier - int assumed. Note: C++ does not support default-int
c:\users\jukotali\code\iisintegration\src\aspnetcoremodulev1\aspnetcore\inc\websockethandler.h(187): error C2238: unexpected token(s) preceding ';'
c:\users\jukotali\code\iisintegration\src\aspnetcoremodulev1\aspnetcore\inc\proxymodule.h(48): error C2143: syntax error: missing ';' before '*'
c:\users\jukotali\code\iisintegration\src\aspnetcoremodulev1\aspnetcore\inc\proxymodule.h(48): error C4430: missing type specifier - int assumed. Note: C++ does not support default-int
c:\users\jukotali\code\iisintegration\src\aspnetcoremodulev1\aspnetcore\inc\proxymodule.h(48): error C2238: unexpected token(s) preceding ';'
c:\users\jukotali\code\iisintegration\src\aspnetcoremodulev1\aspnetcore\inc\proxymodule.h(50): error C2143: syntax error: missing ';' before '*'
c:\users\jukotali\code\iisintegration\src\aspnetcoremodulev1\aspnetcore\inc\proxymodule.h(50): error C4430: missing type specifier - int assumed. Note: C++ does not support default-int
c:\users\jukotali\code\iisintegration\src\aspnetcoremodulev1\aspnetcore\inc\proxymodule.h(50): error C2238: unexpected token(s) preceding ';'
  forwarderconnection.cxx
c:\users\jukotali\code\iisintegration\src\aspnetcoremodulev1\aspnetcore\inc\websockethandler.h(187): error C2143: syntax error: missing ';' before '*'
c:\users\jukotali\code\iisintegration\src\aspnetcoremodulev1\aspnetcore\inc\websockethandler.h(187): error C4430: missing type specifier - int assumed. Note: C++ does not support default-int
c:\users\jukotali\code\iisintegration\src\aspnetcoremodulev1\aspnetcore\inc\websockethandler.h(187): error C2238: unexpected token(s) preceding ';'
c:\users\jukotali\code\iisintegration\src\aspnetcoremodulev1\aspnetcore\inc\proxymodule.h(48): error C2143: syntax error: missing ';' before '*'
c:\users\jukotali\code\iisintegration\src\aspnetcoremodulev1\aspnetcore\inc\proxymodule.h(48): error C4430: missing type specifier - int assumed. Note: C++ does not support default-int
c:\users\jukotali\code\iisintegration\src\aspnetcoremodulev1\aspnetcore\inc\proxymodule.h(48): error C2238: unexpected token(s) preceding ';'
c:\users\jukotali\code\iisintegration\src\aspnetcoremodulev1\aspnetcore\inc\proxymodule.h(50): error C2143: syntax error: missing ';' before '*'
c:\users\jukotali\code\iisintegration\src\aspnetcoremodulev1\aspnetcore\inc\proxymodule.h(50): error C4430: missing type specifier - int assumed. Note: C++ does not support default-int
c:\users\jukotali\code\iisintegration\src\aspnetcoremodulev1\aspnetcore\inc\proxymodule.h(50): error C2238: unexpected token(s) preceding ';'
  forwardinghandler.cxx
c:\users\jukotali\code\iisintegration\src\aspnetcoremodulev1\aspnetcore\inc\websockethandler.h(187): error C2143: syntax error: missing ';' before '*'
c:\users\jukotali\code\iisintegration\src\aspnetcoremodulev1\aspnetcore\inc\websockethandler.h(187): error C4430: missing type specifier - int assumed. Note: C++ does not support default-int
c:\users\jukotali\code\iisintegration\src\aspnetcoremodulev1\aspnetcore\inc\websockethandler.h(187): error C2238: unexpected token(s) preceding ';'
c:\users\jukotali\code\iisintegration\src\aspnetcoremodulev1\aspnetcore\inc\proxymodule.h(48): error C2143: syntax error: missing ';' before '*'
c:\users\jukotali\code\iisintegration\src\aspnetcoremodulev1\aspnetcore\inc\proxymodule.h(48): error C4430: missing type specifier - int assumed. Note: C++ does not support default-int
c:\users\jukotali\code\iisintegration\src\aspnetcoremodulev1\aspnetcore\inc\proxymodule.h(48): error C2238: unexpected token(s) preceding ';'
c:\users\jukotali\code\iisintegration\src\aspnetcoremodulev1\aspnetcore\inc\proxymodule.h(50): error C2143: syntax error: missing ';' before '*'
c:\users\jukotali\code\iisintegration\src\aspnetcoremodulev1\aspnetcore\inc\proxymodule.h(50): error C4430: missing type specifier - int assumed. Note: C++ does not support default-int
c:\users\jukotali\code\iisintegration\src\aspnetcoremodulev1\aspnetcore\inc\proxymodule.h(50): error C2238: unexpected token(s) preceding ';'
  main.cxx
c:\users\jukotali\code\iisintegration\src\aspnetcoremodulev1\aspnetcore\inc\websockethandler.h(187): error C2143: syntax error: missing ';' before '*'
c:\users\jukotali\code\iisintegration\src\aspnetcoremodulev1\aspnetcore\inc\websockethandler.h(187): error C4430: missing type specifier - int assumed. Note: C++ does not support default-int
c:\users\jukotali\code\iisintegration\src\aspnetcoremodulev1\aspnetcore\inc\websockethandler.h(187): error C2238: unexpected token(s) preceding ';'
c:\users\jukotali\code\iisintegration\src\aspnetcoremodulev1\aspnetcore\inc\proxymodule.h(48): error C2143: syntax error: missing ';' before '*'
c:\users\jukotali\code\iisintegration\src\aspnetcoremodulev1\aspnetcore\inc\proxymodule.h(48): error C4430: missing type specifier - int assumed. Note: C++ does not support default-int
c:\users\jukotali\code\iisintegration\src\aspnetcoremodulev1\aspnetcore\inc\proxymodule.h(48): error C2238: unexpected token(s) preceding ';'
c:\users\jukotali\code\iisintegration\src\aspnetcoremodulev1\aspnetcore\inc\proxymodule.h(50): error C2143: syntax error: missing ';' before '*'
c:\users\jukotali\code\iisintegration\src\aspnetcoremodulev1\aspnetcore\inc\proxymodule.h(50): error C4430: missing type specifier - int assumed. Note: C++ does not support default-int
c:\users\jukotali\code\iisintegration\src\aspnetcoremodulev1\aspnetcore\inc\proxymodule.h(50): error C2238: unexpected token(s) preceding ';'
c:\users\jukotali\code\iisintegration\src\aspnetcoremodulev1\aspnetcore\src\main.cxx(8): error C4430: missing type specifier - int assumed. Note: C++ does not support default-int
c:\users\jukotali\code\iisintegration\src\aspnetcoremodulev1\aspnetcore\src\main.cxx(9): error C4430: missing type specifier - int assumed. Note: C++ does not support default-int
c:\users\jukotali\code\iisintegration\src\aspnetcoremodulev1\aspnetcore\src\main.cxx(10): error C4430: missing type specifier - int assumed. Note: C++ does not support default-int
c:\users\jukotali\code\iisintegration\src\aspnetcoremodulev1\aspnetcore\src\main.cxx(152): error C2065: 'CProxyModuleFactory': undeclared identifier
c:\users\jukotali\code\iisintegration\src\aspnetcoremodulev1\aspnetcore\src\main.cxx(152): error C2065: 'pFactory': undeclared identifier
c:\users\jukotali\code\iisintegration\src\aspnetcoremodulev1\aspnetcore\src\main.cxx(220): error C2065: 'pFactory': undeclared identifier
c:\users\jukotali\code\iisintegration\src\aspnetcoremodulev1\aspnetcore\src\main.cxx(220): error C2061: syntax error: identifier 'CProxyModuleFactory'
c:\users\jukotali\code\iisintegration\src\aspnetcoremodulev1\aspnetcore\src\main.cxx(221): error C2065: 'pFactory': undeclared identifier
c:\users\jukotali\code\iisintegration\src\aspnetcoremodulev1\aspnetcore\src\main.cxx(228): error C2065: 'pFactory': undeclared identifier
c:\users\jukotali\code\iisintegration\src\aspnetcoremodulev1\aspnetcore\src\main.cxx(236): error C2065: 'pFactory': undeclared identifier
c:\users\jukotali\code\iisintegration\src\aspnetcoremodulev1\aspnetcore\src\main.cxx(270): error C2065: 'pFactory': undeclared identifier
c:\users\jukotali\code\iisintegration\src\aspnetcoremodulev1\aspnetcore\src\main.cxx(272): error C2065: 'pFactory': undeclared identifier
c:\users\jukotali\code\iisintegration\src\aspnetcoremodulev1\aspnetcore\src\main.cxx(272): error C2227: left of '->Terminate' must point to class/struct/union/generic type
  c:\users\jukotali\code\iisintegration\src\aspnetcoremodulev1\aspnetcore\src\main.cxx(272): note: type is 'unknown-type'
c:\users\jukotali\code\iisintegration\src\aspnetcoremodulev1\aspnetcore\src\main.cxx(273): error C2065: 'pFactory': undeclared identifier
  path.cxx
c:\users\jukotali\code\iisintegration\src\aspnetcoremodulev1\aspnetcore\inc\websockethandler.h(187): error C2143: syntax error: missing ';' before '*'
c:\users\jukotali\code\iisintegration\src\aspnetcoremodulev1\aspnetcore\inc\websockethandler.h(187): error C4430: missing type specifier - int assumed. Note: C++ does not support default-int
c:\users\jukotali\code\iisintegration\src\aspnetcoremodulev1\aspnetcore\inc\websockethandler.h(187): error C2238: unexpected token(s) preceding ';'
c:\users\jukotali\code\iisintegration\src\aspnetcoremodulev1\aspnetcore\inc\proxymodule.h(48): error C2143: syntax error: missing ';' before '*'
c:\users\jukotali\code\iisintegration\src\aspnetcoremodulev1\aspnetcore\inc\proxymodule.h(48): error C4430: missing type specifier - int assumed. Note: C++ does not support default-int
c:\users\jukotali\code\iisintegration\src\aspnetcoremodulev1\aspnetcore\inc\proxymodule.h(48): error C2238: unexpected token(s) preceding ';'
c:\users\jukotali\code\iisintegration\src\aspnetcoremodulev1\aspnetcore\inc\proxymodule.h(50): error C2143: syntax error: missing ';' before '*'
c:\users\jukotali\code\iisintegration\src\aspnetcoremodulev1\aspnetcore\inc\proxymodule.h(50): error C4430: missing type specifier - int assumed. Note: C++ does not support default-int
c:\users\jukotali\code\iisintegration\src\aspnetcoremodulev1\aspnetcore\inc\proxymodule.h(50): error C2238: unexpected token(s) preceding ';'
  processmanager.cxx
c:\users\jukotali\code\iisintegration\src\aspnetcoremodulev1\aspnetcore\inc\websockethandler.h(187): error C2143: syntax error: missing ';' before '*'
c:\users\jukotali\code\iisintegration\src\aspnetcoremodulev1\aspnetcore\inc\websockethandler.h(187): error C4430: missing type specifier - int assumed. Note: C++ does not support default-int
c:\users\jukotali\code\iisintegration\src\aspnetcoremodulev1\aspnetcore\inc\websockethandler.h(187): error C2238: unexpected token(s) preceding ';'
c:\users\jukotali\code\iisintegration\src\aspnetcoremodulev1\aspnetcore\inc\proxymodule.h(48): error C2143: syntax error: missing ';' before '*'
c:\users\jukotali\code\iisintegration\src\aspnetcoremodulev1\aspnetcore\inc\proxymodule.h(48): error C4430: missing type specifier - int assumed. Note: C++ does not support default-int
c:\users\jukotali\code\iisintegration\src\aspnetcoremodulev1\aspnetcore\inc\proxymodule.h(48): error C2238: unexpected token(s) preceding ';'
c:\users\jukotali\code\iisintegration\src\aspnetcoremodulev1\aspnetcore\inc\proxymodule.h(50): error C2143: syntax error: missing ';' before '*'
c:\users\jukotali\code\iisintegration\src\aspnetcoremodulev1\aspnetcore\inc\proxymodule.h(50): error C4430: missing type specifier - int assumed. Note: C++ does not support default-int
c:\users\jukotali\code\iisintegration\src\aspnetcoremodulev1\aspnetcore\inc\proxymodule.h(50): error C2238: unexpected token(s) preceding ';'
  protocolconfig.cxx
c:\users\jukotali\code\iisintegration\src\aspnetcoremodulev1\aspnetcore\inc\websockethandler.h(187): error C2143: syntax error: missing ';' before '*'
c:\users\jukotali\code\iisintegration\src\aspnetcoremodulev1\aspnetcore\inc\websockethandler.h(187): error C4430: missing type specifier - int assumed. Note: C++ does not support default-int
c:\users\jukotali\code\iisintegration\src\aspnetcoremodulev1\aspnetcore\inc\websockethandler.h(187): error C2238: unexpected token(s) preceding ';'
c:\users\jukotali\code\iisintegration\src\aspnetcoremodulev1\aspnetcore\inc\proxymodule.h(48): error C2143: syntax error: missing ';' before '*'
c:\users\jukotali\code\iisintegration\src\aspnetcoremodulev1\aspnetcore\inc\proxymodule.h(48): error C4430: missing type specifier - int assumed. Note: C++ does not support default-int
c:\users\jukotali\code\iisintegration\src\aspnetcoremodulev1\aspnetcore\inc\proxymodule.h(48): error C2238: unexpected token(s) preceding ';'
c:\users\jukotali\code\iisintegration\src\aspnetcoremodulev1\aspnetcore\inc\proxymodule.h(50): error C2143: syntax error: missing ';' before '*'
c:\users\jukotali\code\iisintegration\src\aspnetcoremodulev1\aspnetcore\inc\proxymodule.h(50): error C4430: missing type specifier - int assumed. Note: C++ does not support default-int
c:\users\jukotali\code\iisintegration\src\aspnetcoremodulev1\aspnetcore\inc\proxymodule.h(50): error C2238: unexpected token(s) preceding ';'
  proxymodule.cxx
c:\users\jukotali\code\iisintegration\src\aspnetcoremodulev1\aspnetcore\inc\websockethandler.h(187): error C2143: syntax error: missing ';' before '*'
c:\users\jukotali\code\iisintegration\src\aspnetcoremodulev1\aspnetcore\inc\websockethandler.h(187): error C4430: missing type specifier - int assumed. Note: C++ does not support default-int
c:\users\jukotali\code\iisintegration\src\aspnetcoremodulev1\aspnetcore\inc\websockethandler.h(187): error C2238: unexpected token(s) preceding ';'
c:\users\jukotali\code\iisintegration\src\aspnetcoremodulev1\aspnetcore\inc\proxymodule.h(48): error C2143: syntax error: missing ';' before '*'
c:\users\jukotali\code\iisintegration\src\aspnetcoremodulev1\aspnetcore\inc\proxymodule.h(48): error C4430: missing type specifier - int assumed. Note: C++ does not support default-int
c:\users\jukotali\code\iisintegration\src\aspnetcoremodulev1\aspnetcore\inc\proxymodule.h(48): error C2238: unexpected token(s) preceding ';'
c:\users\jukotali\code\iisintegration\src\aspnetcoremodulev1\aspnetcore\inc\proxymodule.h(50): error C2143: syntax error: missing ';' before '*'
c:\users\jukotali\code\iisintegration\src\aspnetcoremodulev1\aspnetcore\inc\proxymodule.h(50): error C4430: missing type specifier - int assumed. Note: C++ does not support default-int
c:\users\jukotali\code\iisintegration\src\aspnetcoremodulev1\aspnetcore\inc\proxymodule.h(50): error C2238: unexpected token(s) preceding ';'
c:\users\jukotali\code\iisintegration\src\aspnetcoremodulev1\aspnetcore\src\proxymodule.cxx(9): error C2653: 'CProxyModuleFactory': is not a class or namespace name
c:\users\jukotali\code\iisintegration\src\aspnetcoremodulev1\aspnetcore\src\proxymodule.cxx(14): error C2065: 'CProxyModule': undeclared identifier
c:\users\jukotali\code\iisintegration\src\aspnetcoremodulev1\aspnetcore\src\proxymodule.cxx(14): error C2065: 'pModule': undeclared identifier
c:\users\jukotali\code\iisintegration\src\aspnetcoremodulev1\aspnetcore\src\proxymodule.cxx(14): error C2061: syntax error: identifier 'CProxyModule'
c:\users\jukotali\code\iisintegration\src\aspnetcoremodulev1\aspnetcore\src\proxymodule.cxx(15): error C2065: 'pModule': undeclared identifier
c:\users\jukotali\code\iisintegration\src\aspnetcoremodulev1\aspnetcore\src\proxymodule.cxx(20): error C2065: 'pModule': undeclared identifier
c:\users\jukotali\code\iisintegration\src\aspnetcoremodulev1\aspnetcore\src\proxymodule.cxx(26): error C2653: 'CProxyModuleFactory': is not a class or namespace name
c:\users\jukotali\code\iisintegration\src\aspnetcoremodulev1\aspnetcore\src\proxymodule.cxx(58): error C2355: 'this': can only be referenced inside non-static member functions or non-static data member initializers
c:\users\jukotali\code\iisintegration\src\aspnetcoremodulev1\aspnetcore\src\proxymodule.cxx(61): error C2653: 'CProxyModule': is not a class or namespace name
c:\users\jukotali\code\iisintegration\src\aspnetcoremodulev1\aspnetcore\src\proxymodule.cxx(62): error C4430: missing type specifier - int assumed. Note: C++ does not support default-int
c:\users\jukotali\code\iisintegration\src\aspnetcoremodulev1\aspnetcore\src\proxymodule.cxx(63): error C2550: 'CProxyModule': constructor initializer lists are only allowed on constructor definitions
c:\users\jukotali\code\iisintegration\src\aspnetcoremodulev1\aspnetcore\src\proxymodule.cxx(64): warning C4508: 'CProxyModule': function should return a value; 'void' return type assumed
c:\users\jukotali\code\iisintegration\src\aspnetcoremodulev1\aspnetcore\src\proxymodule.cxx(66): error C2653: 'CProxyModule': is not a class or namespace name
c:\users\jukotali\code\iisintegration\src\aspnetcoremodulev1\aspnetcore\src\proxymodule.cxx(67): error C4430: missing type specifier - int assumed. Note: C++ does not support default-int
c:\users\jukotali\code\iisintegration\src\aspnetcoremodulev1\aspnetcore\src\proxymodule.cxx(67): error C2084: function 'int CProxyModule(void)' already has a body
  c:\users\jukotali\code\iisintegration\src\aspnetcoremodulev1\aspnetcore\src\proxymodule.cxx(61): note: see previous definition of 'CProxyModule'
c:\users\jukotali\code\iisintegration\src\aspnetcoremodulev1\aspnetcore\src\proxymodule.cxx(68): error C2065: 'm_pHandler': undeclared identifier
c:\users\jukotali\code\iisintegration\src\aspnetcoremodulev1\aspnetcore\src\proxymodule.cxx(74): error C2065: 'm_pHandler': undeclared identifier
c:\users\jukotali\code\iisintegration\src\aspnetcoremodulev1\aspnetcore\src\proxymodule.cxx(74): error C2227: left of '->DereferenceForwardingHandler' must point to class/struct/union/generic type
  c:\users\jukotali\code\iisintegration\src\aspnetcoremodulev1\aspnetcore\src\proxymodule.cxx(74): note: type is 'unknown-type'
c:\users\jukotali\code\iisintegration\src\aspnetcoremodulev1\aspnetcore\src\proxymodule.cxx(75): error C2065: 'm_pHandler': undeclared identifier
c:\users\jukotali\code\iisintegration\src\aspnetcoremodulev1\aspnetcore\src\proxymodule.cxx(81): error C2653: 'CProxyModule': is not a class or namespace name
c:\users\jukotali\code\iisintegration\src\aspnetcoremodulev1\aspnetcore\src\proxymodule.cxx(86): error C2065: 'm_pHandler': undeclared identifier
c:\users\jukotali\code\iisintegration\src\aspnetcoremodulev1\aspnetcore\src\proxymodule.cxx(87): error C2065: 'm_pHandler': undeclared identifier
c:\users\jukotali\code\iisintegration\src\aspnetcoremodulev1\aspnetcore\src\proxymodule.cxx(93): error C2065: 'm_pHandler': undeclared identifier
c:\users\jukotali\code\iisintegration\src\aspnetcoremodulev1\aspnetcore\src\proxymodule.cxx(93): error C2227: left of '->OnExecuteRequestHandler' must point to class/struct/union/generic type
  c:\users\jukotali\code\iisintegration\src\aspnetcoremodulev1\aspnetcore\src\proxymodule.cxx(93): note: type is 'unknown-type'
c:\users\jukotali\code\iisintegration\src\aspnetcoremodulev1\aspnetcore\src\proxymodule.cxx(98): error C2653: 'CProxyModule': is not a class or namespace name
c:\users\jukotali\code\iisintegration\src\aspnetcoremodulev1\aspnetcore\src\proxymodule.cxx(111): error C2065: 'm_pHandler': undeclared identifier
c:\users\jukotali\code\iisintegration\src\aspnetcoremodulev1\aspnetcore\src\proxymodule.cxx(111): error C2227: left of '->OnAsyncCompletion' must point to class/struct/union/generic type
  c:\users\jukotali\code\iisintegration\src\aspnetcoremodulev1\aspnetcore\src\proxymodule.cxx(111): note: type is 'unknown-type'
  responseheaderhash.cxx
c:\users\jukotali\code\iisintegration\src\aspnetcoremodulev1\aspnetcore\inc\websockethandler.h(187): error C2143: syntax error: missing ';' before '*'
c:\users\jukotali\code\iisintegration\src\aspnetcoremodulev1\aspnetcore\inc\websockethandler.h(187): error C4430: missing type specifier - int assumed. Note: C++ does not support default-int
c:\users\jukotali\code\iisintegration\src\aspnetcoremodulev1\aspnetcore\inc\websockethandler.h(187): error C2238: unexpected token(s) preceding ';'
c:\users\jukotali\code\iisintegration\src\aspnetcoremodulev1\aspnetcore\inc\proxymodule.h(48): error C2143: syntax error: missing ';' before '*'
c:\users\jukotali\code\iisintegration\src\aspnetcoremodulev1\aspnetcore\inc\proxymodule.h(48): error C4430: missing type specifier - int assumed. Note: C++ does not support default-int
c:\users\jukotali\code\iisintegration\src\aspnetcoremodulev1\aspnetcore\inc\proxymodule.h(48): error C2238: unexpected token(s) preceding ';'
c:\users\jukotali\code\iisintegration\src\aspnetcoremodulev1\aspnetcore\inc\proxymodule.h(50): error C2143: syntax error: missing ';' before '*'
c:\users\jukotali\code\iisintegration\src\aspnetcoremodulev1\aspnetcore\inc\proxymodule.h(50): error C4430: missing type specifier - int assumed. Note: C++ does not support default-int
c:\users\jukotali\code\iisintegration\src\aspnetcoremodulev1\aspnetcore\inc\proxymodule.h(50): error C2238: unexpected token(s) preceding ';'
  serverprocess.cxx
c:\users\jukotali\code\iisintegration\src\aspnetcoremodulev1\aspnetcore\inc\websockethandler.h(187): error C2143: syntax error: missing ';' before '*'
c:\users\jukotali\code\iisintegration\src\aspnetcoremodulev1\aspnetcore\inc\websockethandler.h(187): error C4430: missing type specifier - int assumed. Note: C++ does not support default-int
c:\users\jukotali\code\iisintegration\src\aspnetcoremodulev1\aspnetcore\inc\websockethandler.h(187): error C2238: unexpected token(s) preceding ';'
c:\users\jukotali\code\iisintegration\src\aspnetcoremodulev1\aspnetcore\inc\proxymodule.h(48): error C2143: syntax error: missing ';' before '*'
c:\users\jukotali\code\iisintegration\src\aspnetcoremodulev1\aspnetcore\inc\proxymodule.h(48): error C4430: missing type specifier - int assumed. Note: C++ does not support default-int
c:\users\jukotali\code\iisintegration\src\aspnetcoremodulev1\aspnetcore\inc\proxymodule.h(48): error C2238: unexpected token(s) preceding ';'
c:\users\jukotali\code\iisintegration\src\aspnetcoremodulev1\aspnetcore\inc\proxymodule.h(50): error C2143: syntax error: missing ';' before '*'
c:\users\jukotali\code\iisintegration\src\aspnetcoremodulev1\aspnetcore\inc\proxymodule.h(50): error C4430: missing type specifier - int assumed. Note: C++ does not support default-int
c:\users\jukotali\code\iisintegration\src\aspnetcoremodulev1\aspnetcore\inc\proxymodule.h(50): error C2238: unexpected token(s) preceding ';'
c:\users\jukotali\code\iisintegration\src\aspnetcoremodulev1\aspnetcore\src\serverprocess.cxx(836): error C4839: non-standard use of class 'STRU' as an argument to a variadic function
  c:\users\jukotali\code\iisintegration\src\aspnetcoremodulev1\aspnetcore\src\serverprocess.cxx(836): note: the constructor and destructor will not be called; a bitwise copy of the class will be passed as the argument
  c:\users\jukotali\code\iisintegration\src\aspnetcoremodulev1\iislib\stringu.h(10): note: see declaration of 'STRU'
c:\users\jukotali\code\iisintegration\src\aspnetcoremodulev1\aspnetcore\src\serverprocess.cxx(839): error C2248: 'STRU::STRU': cannot access private member declared in class 'STRU'
  c:\users\jukotali\code\iisintegration\src\aspnetcoremodulev1\iislib\stringu.h(365): note: see declaration of 'STRU::STRU'
  c:\users\jukotali\code\iisintegration\src\aspnetcoremodulev1\iislib\stringu.h(10): note: see declaration of 'STRU'
c:\users\jukotali\code\iisintegration\src\aspnetcoremodulev1\aspnetcore\src\serverprocess.cxx(1075): error C4839: non-standard use of class 'STRU' as an argument to a variadic function
  c:\users\jukotali\code\iisintegration\src\aspnetcoremodulev1\aspnetcore\src\serverprocess.cxx(1075): note: the constructor and destructor will not be called; a bitwise copy of the class will be passed as the argument
  c:\users\jukotali\code\iisintegration\src\aspnetcoremodulev1\iislib\stringu.h(10): note: see declaration of 'STRU'
c:\users\jukotali\code\iisintegration\src\aspnetcoremodulev1\aspnetcore\src\serverprocess.cxx(1077): error C2248: 'STRU::STRU': cannot access private member declared in class 'STRU'
  c:\users\jukotali\code\iisintegration\src\aspnetcoremodulev1\iislib\stringu.h(365): note: see declaration of 'STRU::STRU'
  c:\users\jukotali\code\iisintegration\src\aspnetcoremodulev1\iislib\stringu.h(10): note: see declaration of 'STRU'
  websockethandler.cxx
c:\users\jukotali\code\iisintegration\src\aspnetcoremodulev1\aspnetcore\inc\websockethandler.h(187): error C2143: syntax error: missing ';' before '*'
c:\users\jukotali\code\iisintegration\src\aspnetcoremodulev1\aspnetcore\inc\websockethandler.h(187): error C4430: missing type specifier - int assumed. Note: C++ does not support default-int
c:\users\jukotali\code\iisintegration\src\aspnetcoremodulev1\aspnetcore\inc\websockethandler.h(187): error C2238: unexpected token(s) preceding ';'
c:\users\jukotali\code\iisintegration\src\aspnetcoremodulev1\aspnetcore\inc\proxymodule.h(48): error C2143: syntax error: missing ';' before '*'
c:\users\jukotali\code\iisintegration\src\aspnetcoremodulev1\aspnetcore\inc\proxymodule.h(48): error C4430: missing type specifier - int assumed. Note: C++ does not support default-int
c:\users\jukotali\code\iisintegration\src\aspnetcoremodulev1\aspnetcore\inc\proxymodule.h(48): error C2238: unexpected token(s) preceding ';'
c:\users\jukotali\code\iisintegration\src\aspnetcoremodulev1\aspnetcore\inc\proxymodule.h(50): error C2143: syntax error: missing ';' before '*'
c:\users\jukotali\code\iisintegration\src\aspnetcoremodulev1\aspnetcore\inc\proxymodule.h(50): error C4430: missing type specifier - int assumed. Note: C++ does not support default-int
c:\users\jukotali\code\iisintegration\src\aspnetcoremodulev1\aspnetcore\inc\proxymodule.h(50): error C2238: unexpected token(s) preceding ';'
c:\users\jukotali\code\iisintegration\src\aspnetcoremodulev1\aspnetcore\src\websockethandler.cxx(40): error C2614: 'WEBSOCKET_HANDLER': illegal member initialization: '_pWebSocketContext' is not a base or member
c:\users\jukotali\code\iisintegration\src\aspnetcoremodulev1\aspnetcore\src\websockethandler.cxx(292): error C2065: '_pWebSocketContext': undeclared identifier
c:\users\jukotali\code\iisintegration\src\aspnetcoremodulev1\aspnetcore\src\websockethandler.cxx(292): error C2065: 'IWebSocketContext': undeclared identifier
c:\users\jukotali\code\iisintegration\src\aspnetcoremodulev1\aspnetcore\src\websockethandler.cxx(292): error C2059: syntax error: ')'
c:\users\jukotali\code\iisintegration\src\aspnetcoremodulev1\aspnetcore\src\websockethandler.cxx(294): error C2065: '_pWebSocketContext': undeclared identifier
c:\users\jukotali\code\iisintegration\src\aspnetcoremodulev1\aspnetcore\src\websockethandler.cxx(404): error C2065: '_pWebSocketContext': undeclared identifier
c:\users\jukotali\code\iisintegration\src\aspnetcoremodulev1\aspnetcore\src\websockethandler.cxx(404): error C2227: left of '->ReadFragment' must point to class/struct/union/generic type
  c:\users\jukotali\code\iisintegration\src\aspnetcoremodulev1\aspnetcore\src\websockethandler.cxx(404): note: type is 'unknown-type'
c:\users\jukotali\code\iisintegration\src\aspnetcoremodulev1\aspnetcore\src\websockethandler.cxx(538): error C2065: '_pWebSocketContext': undeclared identifier
c:\users\jukotali\code\iisintegration\src\aspnetcoremodulev1\aspnetcore\src\websockethandler.cxx(538): error C2227: left of '->SendConnectionClose' must point to class/struct/union/generic type
  c:\users\jukotali\code\iisintegration\src\aspnetcoremodulev1\aspnetcore\src\websockethandler.cxx(538): note: type is 'unknown-type'
c:\users\jukotali\code\iisintegration\src\aspnetcoremodulev1\aspnetcore\src\websockethandler.cxx(563): error C2065: '_pWebSocketContext': undeclared identifier
c:\users\jukotali\code\iisintegration\src\aspnetcoremodulev1\aspnetcore\src\websockethandler.cxx(563): error C2227: left of '->WriteFragment' must point to class/struct/union/generic type
  c:\users\jukotali\code\iisintegration\src\aspnetcoremodulev1\aspnetcore\src\websockethandler.cxx(563): note: type is 'unknown-type'
c:\users\jukotali\code\iisintegration\src\aspnetcoremodulev1\aspnetcore\src\websockethandler.cxx(619): error C2065: '_pWebSocketContext': undeclared identifier
c:\users\jukotali\code\iisintegration\src\aspnetcoremodulev1\aspnetcore\src\websockethandler.cxx(619): error C2227: left of '->GetCloseStatus' must point to class/struct/union/generic type
  c:\users\jukotali\code\iisintegration\src\aspnetcoremodulev1\aspnetcore\src\websockethandler.cxx(619): note: type is 'unknown-type'
  winhttphelper.cxx
c:\users\jukotali\code\iisintegration\src\aspnetcoremodulev1\aspnetcore\inc\websockethandler.h(187): error C2143: syntax error: missing ';' before '*'
c:\users\jukotali\code\iisintegration\src\aspnetcoremodulev1\aspnetcore\inc\websockethandler.h(187): error C4430: missing type specifier - int assumed. Note: C++ does not support default-int
c:\users\jukotali\code\iisintegration\src\aspnetcoremodulev1\aspnetcore\inc\websockethandler.h(187): error C2238: unexpected token(s) preceding ';'
c:\users\jukotali\code\iisintegration\src\aspnetcoremodulev1\aspnetcore\inc\proxymodule.h(48): error C2143: syntax error: missing ';' before '*'
c:\users\jukotali\code\iisintegration\src\aspnetcoremodulev1\aspnetcore\inc\proxymodule.h(48): error C4430: missing type specifier - int assumed. Note: C++ does not support default-int
c:\users\jukotali\code\iisintegration\src\aspnetcoremodulev1\aspnetcore\inc\proxymodule.h(48): error C2238: unexpected token(s) preceding ';'
c:\users\jukotali\code\iisintegration\src\aspnetcoremodulev1\aspnetcore\inc\proxymodule.h(50): error C2143: syntax error: missing ';' before '*'
c:\users\jukotali\code\iisintegration\src\aspnetcoremodulev1\aspnetcore\inc\proxymodule.h(50): error C4430: missing type specifier - int assumed. Note: C++ does not support default-int
c:\users\jukotali\code\iisintegration\src\aspnetcoremodulev1\aspnetcore\inc\proxymodule.h(50): error C2238: unexpected token(s) preceding ';'
